#-----------------------------------------------------------
# PlanAhead v14.7 (64-bit)
# Build 321239 by xbuild on Fri Sep 27 19:29:51 MDT 2013
# Start of session at: Fri Nov 22 15:38:23 2024
# Process ID: 12120
# Log file: F:/ISE/eMIMO_SubArray/planAhead_run_4/planAhead.log
# Journal file: F:/ISE/eMIMO_SubArray/planAhead_run_4\planAhead.jou
#-----------------------------------------------------------
INFO: [Common 17-78] Attempting to get a license: PlanAhead
INFO: [Common 17-290] Got license for PlanAhead
INFO: [Device 21-36] Loading parts and site information from E:/Xilinx/14.7/ISE_DS/PlanAhead/data/parts/arch.xml
Parsing RTL primitives file [E:/Xilinx/14.7/ISE_DS/PlanAhead/data/parts/xilinx/rtl/prims/rtl_prims.xml]
Finished parsing RTL primitives file [E:/Xilinx/14.7/ISE_DS/PlanAhead/data/parts/xilinx/rtl/prims/rtl_prims.xml]
start_gui
open_project {F:\ISE\eMIMO_SubArray\planAhead_run_4\eMIMO_SubArray.ppr}
Scanning sources...
Finished scanning sources
Qt: Untested Windows version 6.2 detected!
exit
INFO: [Common 17-206] Exiting PlanAhead at Fri Nov 22 15:39:41 2024...
INFO: [Common 17-83] Releasing license: PlanAhead
