#-----------------------------------------------------------
# PlanAhead v14.7 (64-bit)
# Build 321239 by xbuild on Fri Sep 27 19:29:51 MDT 2013
# Start of session at: Fri Mar 14 15:23:44 2025
# Process ID: 15880
# Log file: F:/ISE/UE_CTRL_4CH/planAhead_run_1/planAhead.log
# Journal file: F:/ISE/UE_CTRL_4CH/planAhead_run_1\planAhead.jou
#-----------------------------------------------------------
INFO: [Common 17-78] Attempting to get a license: PlanAhead
INFO: [Common 17-290] Got license for PlanAhead
INFO: [Common 17-86] Your PlanAhead license expires in -42 day(s)
INFO: [Device 21-36] Loading parts and site information from E:/Xilinx/14.7/ISE_DS/PlanAhead/data/parts/arch.xml
Parsing RTL primitives file [E:/Xilinx/14.7/ISE_DS/PlanAhead/data/parts/xilinx/rtl/prims/rtl_prims.xml]
Finished parsing RTL primitives file [E:/Xilinx/14.7/ISE_DS/PlanAhead/data/parts/xilinx/rtl/prims/rtl_prims.xml]
start_gui
open_project {F:\ISE\UE_CTRL_4CH\planAhead_run_1\UE_CTRL_4CH.ppr}
CRITICAL WARNING: [Common 17-48] File not found: F:/ISE/UE_CTRL_4CH/planAhead_run_1/UE_CTRL_4CH.data/sources_1/fileset.xml
CRITICAL WARNING: [Common 17-48] File not found: F:/ISE/UE_CTRL_4CH/planAhead_run_1/UE_CTRL_4CH.data/constrs_1/fileset.xml
CRITICAL WARNING: [Common 17-48] File not found: F:/ISE/UE_CTRL_4CH/planAhead_run_1/UE_CTRL_4CH.data/sim_1/fileset.xml
CRITICAL WARNING: [Project 1-39] Failed to load run data. Making project read-only to protect unopened run data.
INFO: [Project 1-114] Use 'File | Save Project As...' to create a new, writeable copy of this project.
ERROR: [Common 17-70] Application Exception: Missing default src set in loadProjectHDMgr.
Qt: Untested Windows version 6.2 detected!
open_project F:/ISE/UE_CTRL_4CH/planAhead_run_1/UE_CTRL_4CH.ppr
CRITICAL WARNING: [Common 17-48] File not found: F:/ISE/UE_CTRL_4CH/planAhead_run_1/UE_CTRL_4CH.data/sources_1/fileset.xml
CRITICAL WARNING: [Common 17-48] File not found: F:/ISE/UE_CTRL_4CH/planAhead_run_1/UE_CTRL_4CH.data/constrs_1/fileset.xml
CRITICAL WARNING: [Common 17-48] File not found: F:/ISE/UE_CTRL_4CH/planAhead_run_1/UE_CTRL_4CH.data/sim_1/fileset.xml
CRITICAL WARNING: [Project 1-39] Failed to load run data. Making project read-only to protect unopened run data.
INFO: [Project 1-114] Use 'File | Save Project As...' to create a new, writeable copy of this project.
ERROR: [Common 17-70] Application Exception: Missing default src set in loadProjectHDMgr.
