[2025-08-26 16:30:04]	[info] incremental build: 18 source files changed
These source files will be recompiled
---
'f:\WPS_Sync\202409_eMIMO\Software\STM32F103_lmk_clkgen\hal\STM32F10x_StdPeriph_Driver\src\misc.c': object (.o) file not exist
'f:\WPS_Sync\202409_eMIMO\Software\STM32F103_lmk_clkgen\hal\STM32F10x_StdPeriph_Driver\src\stm32f10x_adc.c': object (.o) file not exist
'f:\WPS_Sync\202409_eMIMO\Software\STM32F103_lmk_clkgen\hal\STM32F10x_StdPeriph_Driver\src\stm32f10x_exti.c': object (.o) file not exist
'f:\WPS_Sync\202409_eMIMO\Software\STM32F103_lmk_clkgen\hal\STM32F10x_StdPeriph_Driver\src\stm32f10x_flash.c': object (.o) file not exist
'f:\WPS_Sync\202409_eMIMO\Software\STM32F103_lmk_clkgen\hal\STM32F10x_StdPeriph_Driver\src\stm32f10x_gpio.c': object (.o) file not exist
'f:\WPS_Sync\202409_eMIMO\Software\STM32F103_lmk_clkgen\hal\STM32F10x_StdPeriph_Driver\src\stm32f10x_rcc.c': object (.o) file not exist
'f:\WPS_Sync\202409_eMIMO\Software\STM32F103_lmk_clkgen\hal\STM32F10x_StdPeriph_Driver\src\stm32f10x_spi.c': object (.o) file not exist
'f:\WPS_Sync\202409_eMIMO\Software\STM32F103_lmk_clkgen\hal\STM32F10x_StdPeriph_Driver\src\stm32f10x_tim.c': object (.o) file not exist
'f:\WPS_Sync\202409_eMIMO\Software\STM32F103_lmk_clkgen\hal\STM32F10x_StdPeriph_Driver\src\stm32f10x_usart.c': object (.o) file not exist
'f:\WPS_Sync\202409_eMIMO\Software\STM32F103_lmk_clkgen\hal\STM32F10x_StdPeriph_Driver\system_stm32f10x.c': object (.o) file not exist
'f:\WPS_Sync\202409_eMIMO\Software\STM32F103_lmk_clkgen\src\LMK04832_Master\LMK04832_Drv.c': object (.o) file not exist
'f:\WPS_Sync\202409_eMIMO\Software\STM32F103_lmk_clkgen\src\LMK04832_Master\init_regmap.c': object (.o) file not exist
'f:\WPS_Sync\202409_eMIMO\Software\STM32F103_lmk_clkgen\src\LMK04832_Master\init_regmap_pll1only.c': object (.o) file not exist
'f:\WPS_Sync\202409_eMIMO\Software\STM32F103_lmk_clkgen\src\LMK04832_Master\uart.c': object (.o) file not exist
'f:\WPS_Sync\202409_eMIMO\Software\STM32F103_lmk_clkgen\src\delay.c': object (.o) file not exist
'f:\WPS_Sync\202409_eMIMO\Software\STM32F103_lmk_clkgen\src\main.c': object (.o) file not exist
'f:\WPS_Sync\202409_eMIMO\Software\STM32F103_lmk_clkgen\src\startup_stm32f10x_md.s': object (.o) file not exist
'f:\WPS_Sync\202409_eMIMO\Software\STM32F103_lmk_clkgen\src\stm32f10x_it.c': object (.o) file not exist

[2025-08-26 16:30:04]	[done]
	build successfully !

[2025-08-26 16:51:07]	[info] incremental build: 2 source files changed
These source files will be recompiled
---
'f:\WPS_Sync\202409_eMIMO\Software\STM32F103_lmk_clkgen\src\LMK04832_Master\uart.c': source file has been changed.
'f:\WPS_Sync\202409_eMIMO\Software\STM32F103_lmk_clkgen\src\main.c': source file has been changed.

[2025-08-26 16:51:08]	[done]
	build successfully !

[2025-08-28 21:11:00]	[info] incremental build: 1 source files changed
These source files will be recompiled
---
'f:\WPS_Sync\202409_eMIMO\Software\STM32F103_lmk_clkgen\src\main.c': source file has been changed.

[2025-08-28 21:11:01]	[done]
	build successfully !

[2025-08-28 21:12:20]	[info] incremental build: 1 source files changed
These source files will be recompiled
---
'f:\WPS_Sync\202409_eMIMO\Software\STM32F103_lmk_clkgen\src\main.c': source file has been changed.

[2025-08-28 21:12:20]	[done]
	build successfully !

[2025-08-28 21:20:54]	[info] incremental build: 2 source files changed
These source files will be recompiled
---
'f:\WPS_Sync\202409_eMIMO\Software\STM32F103_lmk_clkgen\src\LMK04832_Master\init_regmap_v2.c': object (.o) file not exist
'f:\WPS_Sync\202409_eMIMO\Software\STM32F103_lmk_clkgen\src\main.c': source file has been changed.

[2025-08-28 21:20:55]	[done]
	build successfully !

[2025-08-28 21:21:35]	[done]
	build successfully !

[2025-08-28 21:32:33]	[info] incremental build: 1 source files changed
These source files will be recompiled
---
'f:\WPS_Sync\202409_eMIMO\Software\STM32F103_lmk_clkgen\src\LMK04832_Master\init_regmap_v2.c': source file has been changed.

[2025-08-28 21:32:33]	[done]
	build successfully !

[2025-09-02 21:52:21]	[info] incremental build: 1 source files changed
These source files will be recompiled
---
'f:\WPS_Sync\202409_eMIMO\Software\STM32F103_lmk_clkgen\src\LMK04832_Master\init_regmap_v2.c': source file has been changed.

[2025-09-02 21:52:22]	[done]
	build successfully !

[2025-09-02 22:03:19]	[info] incremental build: 1 source files changed
These source files will be recompiled
---
'f:\WPS_Sync\202409_eMIMO\Software\STM32F103_lmk_clkgen\src\main.c': source file has been changed.

[2025-09-02 22:03:19]	[done]
	build successfully !

