Release 14.7 Map P.20131013 (nt64)
Xilinx Mapping Report File for Design 'CTRL_TOP'

Design Information
------------------
Command Line   : map -intstyle ise -p xc6slx25-ftg256-2 -w -logic_opt off -ol
high -t 1 -xt 0 -register_duplication off -r 4 -global_opt off -mt off -ir off
-pr off -lc off -power off -o CTRL_TOP_map.ncd CTRL_TOP.ngd CTRL_TOP.pcf 
Target Device  : xc6slx25
Target Package : ftg256
Target Speed   : -2
Mapper Version : spartan6 -- $Revision: 1.55 $
Mapped Date    : Thu Mar 06 16:05:27 2025

Design Summary
--------------
Number of errors:      0
Number of warnings:    1
Slice Logic Utilization:
  Number of Slice Registers:                   390 out of  30,064    1%
    Number used as Flip Flops:                 390
    Number used as Latches:                      0
    Number used as Latch-thrus:                  0
    Number used as AND/OR logics:                0
  Number of Slice LUTs:                        507 out of  15,032    3%
    Number used as logic:                      499 out of  15,032    3%
      Number using O6 output only:             386
      Number using O5 output only:              25
      Number using O5 and O6:                   88
      Number used as ROM:                        0
    Number used as Memory:                       0 out of   3,664    0%
    Number used exclusively as route-thrus:      8
      Number with same-slice register load:      5
      Number with same-slice carry load:         3
      Number with other load:                    0

Slice Logic Distribution:
  Number of occupied Slices:                   211 out of   3,758    5%
  Number of MUXCYs used:                        32 out of   7,516    1%
  Number of LUT Flip Flop pairs used:          582
    Number with an unused Flip Flop:           252 out of     582   43%
    Number with an unused LUT:                  75 out of     582   12%
    Number of fully used LUT-FF pairs:         255 out of     582   43%
    Number of unique control sets:              33
    Number of slice register sites lost
      to control set restrictions:              58 out of  30,064    1%

  A LUT Flip Flop pair for this architecture represents one LUT paired with
  one Flip Flop within a slice.  A control set is a unique combination of
  clock, reset, set, and enable signals for a registered element.
  The Slice Logic Distribution report is not meaningful if the design is
  over-mapped for a non-slice resource or if Placement fails.

IO Utilization:
  Number of bonded IOBs:                       100 out of     186   53%
    Number of LOCed IOBs:                      100 out of     100  100%

Specific Feature Utilization:
  Number of RAMB16BWERs:                         0 out of      52    0%
  Number of RAMB8BWERs:                          0 out of     104    0%
  Number of BUFIO2/BUFIO2_2CLKs:                 0 out of      32    0%
  Number of BUFIO2FB/BUFIO2FB_2CLKs:             0 out of      32    0%
  Number of BUFG/BUFGMUXs:                       2 out of      16   12%
    Number used as BUFGs:                        2
    Number used as BUFGMUX:                      0
  Number of DCM/DCM_CLKGENs:                     0 out of       4    0%
  Number of ILOGIC2/ISERDES2s:                   0 out of     272    0%
  Number of IODELAY2/IODRP2/IODRP2_MCBs:         0 out of     272    0%
  Number of OLOGIC2/OSERDES2s:                   0 out of     272    0%
  Number of BSCANs:                              0 out of       4    0%
  Number of BUFHs:                               0 out of     160    0%
  Number of BUFPLLs:                             0 out of       8    0%
  Number of BUFPLL_MCBs:                         0 out of       4    0%
  Number of DSP48A1s:                            0 out of      38    0%
  Number of ICAPs:                               0 out of       1    0%
  Number of MCBs:                                0 out of       2    0%
  Number of PCILOGICSEs:                         0 out of       2    0%
  Number of PLL_ADVs:                            0 out of       2    0%
  Number of PMVs:                                0 out of       1    0%
  Number of STARTUPs:                            0 out of       1    0%
  Number of SUSPEND_SYNCs:                       0 out of       1    0%

Average Fanout of Non-Clock Nets:                4.43

Peak Memory Usage:  4549 MB
Total REAL time to MAP completion:  11 secs 
Total CPU time to MAP completion:   11 secs 

Table of Contents
-----------------
Section 1 - Errors
Section 2 - Warnings
Section 3 - Informational
Section 4 - Removed Logic Summary
Section 5 - Removed Logic
Section 6 - IOB Properties
Section 7 - RPMs
Section 8 - Guide Report
Section 9 - Area Group and Partition Summary
Section 10 - Timing Report
Section 11 - Configuration String Information
Section 12 - Control Set Information
Section 13 - Utilization by Hierarchy

Section 1 - Errors
------------------

Section 2 - Warnings
--------------------
WARNING:Place:1109 - A clock IOB / BUFGMUX clock component pair have been found
   that are not placed at an optimal clock IOB / BUFGMUX site pair. The clock
   IOB component <SPI_CLK> is placed at site <H16>. The corresponding BUFG
   component <SPI_CLK_BUFGP/BUFG> is placed at site <BUFGMUX_X2Y2>. There is
   only a select set of IOBs that can use the fast path to the Clocker buffer,
   and they are not being used. You may want to analyze why this problem exists
   and correct it. This is normally an ERROR but the CLOCK_DEDICATED_ROUTE
   constraint was applied on COMP.PIN <SPI_CLK.PAD> allowing your design to
   continue. This constraint disables all clock placer rules related to the
   specified COMP.PIN. The use of this override is highly discouraged as it may
   lead to very poor timing results. It is recommended that this error condition
   be corrected in the design.

Section 3 - Informational
-------------------------
INFO:LIT:243 - Logical network UPDATE_IBUF has no load.
INFO:LIT:395 - The above info message is repeated 12 more times for the
   following (max. 5 shown):
   MODE_IBUF,
   REV_IBUF,
   SPI_DATA_MCU_IBUF,
   SPI_CLK_MCU_IBUF,
   SPI_LE_MCU_IBUF
   To see the details of these info messages, please use the -detail switch.
INFO:MapLib:562 - No environment variables are currently set.
INFO:LIT:244 - All of the single ended outputs in this design are using slew
   rate limited output drivers. The delay on speed critical single ended outputs
   can be dramatically reduced by designating them as fast outputs.
INFO:Pack:1716 - Initializing temperature to 85.000 Celsius. (default - Range:
   0.000 to 85.000 Celsius)
INFO:Pack:1720 - Initializing voltage to 1.140 Volts. (default - Range: 1.140 to
   1.260 Volts)
INFO:Map:215 - The Interim Design Summary has been generated in the MAP Report
   (.mrp).
INFO:Pack:1650 - Map created a placed design.

Section 4 - Removed Logic Summary
---------------------------------
   2 block(s) optimized away

Section 5 - Removed Logic
-------------------------

Optimized Block(s):
TYPE 		BLOCK
GND 		XST_GND
VCC 		XST_VCC

To enable printing of redundant blocks removed and signals merged, set the
detailed map report option and rerun map.

Section 6 - IOB Properties
--------------------------

+---------------------------------------------------------------------------------------------------------------------------------------------------------+
| IOB Name                           | Type             | Direction | IO Standard          | Diff  | Drive    | Slew | Reg (s)      | Resistor | IOB      |
|                                    |                  |           |                      | Term  | Strength | Rate |              |          | Delay    |
+---------------------------------------------------------------------------------------------------------------------------------------------------------+
| CLK_SYS                            | IOB              | INPUT     | LVCMOS33             |       |          |      |              |          |          |
| MODE                               | IOB              | INPUT     | LVCMOS33             |       |          |      |              |          |          |
| MODE_MCU                           | IOB              | INPUT     | LVCMOS33             |       |          |      |              |          |          |
| PLUG_IN                            | IOB              | INPUT     | LVCMOS33             |       |          |      |              |          |          |
| REV                                | IOB              | INPUT     | LVCMOS33             |       |          |      |              |          |          |
| REV1_MCU                           | IOB              | INPUT     | LVCMOS33             |       |          |      |              |          |          |
| REV2_MCU                           | IOB              | INPUT     | LVCMOS33             |       |          |      |              |          |          |
| RXD_HOST                           | IOB              | OUTPUT    | LVCMOS33             |       | 12       | SLOW |              |          |          |
| RX_B1_DSA<0>                       | IOB              | OUTPUT    | LVCMOS33             |       | 12       | SLOW |              |          |          |
| RX_B1_DSA<1>                       | IOB              | OUTPUT    | LVCMOS33             |       | 12       | SLOW |              |          |          |
| RX_B1_DSA<2>                       | IOB              | OUTPUT    | LVCMOS33             |       | 12       | SLOW |              |          |          |
| RX_B1_DSA<3>                       | IOB              | OUTPUT    | LVCMOS33             |       | 12       | SLOW |              |          |          |
| RX_B1_DSA<4>                       | IOB              | OUTPUT    | LVCMOS33             |       | 12       | SLOW |              |          |          |
| RX_B1_DSA<5>                       | IOB              | OUTPUT    | LVCMOS33             |       | 12       | SLOW |              |          |          |
| RX_B1_LE<0>                        | IOB              | OUTPUT    | LVCMOS33             |       | 12       | SLOW |              |          |          |
| RX_B1_LE<1>                        | IOB              | OUTPUT    | LVCMOS33             |       | 12       | SLOW |              |          |          |
| RX_B1_LE<2>                        | IOB              | OUTPUT    | LVCMOS33             |       | 12       | SLOW |              |          |          |
| RX_B1_LE<3>                        | IOB              | OUTPUT    | LVCMOS33             |       | 12       | SLOW |              |          |          |
| RX_B1_LE<4>                        | IOB              | OUTPUT    | LVCMOS33             |       | 12       | SLOW |              |          |          |
| RX_B1_LE<5>                        | IOB              | OUTPUT    | LVCMOS33             |       | 12       | SLOW |              |          |          |
| RX_B1_LE<6>                        | IOB              | OUTPUT    | LVCMOS33             |       | 12       | SLOW |              |          |          |
| RX_B1_LE<7>                        | IOB              | OUTPUT    | LVCMOS33             |       | 12       | SLOW |              |          |          |
| RX_B1_LNA_BYPASS<0>                | IOB              | OUTPUT    | LVCMOS33             |       | 12       | SLOW |              |          |          |
| RX_B1_LNA_BYPASS<1>                | IOB              | OUTPUT    | LVCMOS33             |       | 12       | SLOW |              |          |          |
| RX_B1_LNA_BYPASS<2>                | IOB              | OUTPUT    | LVCMOS33             |       | 12       | SLOW |              |          |          |
| RX_B1_LNA_BYPASS<3>                | IOB              | OUTPUT    | LVCMOS33             |       | 12       | SLOW |              |          |          |
| RX_B1_LNA_BYPASS<4>                | IOB              | OUTPUT    | LVCMOS33             |       | 12       | SLOW |              |          |          |
| RX_B1_LNA_BYPASS<5>                | IOB              | OUTPUT    | LVCMOS33             |       | 12       | SLOW |              |          |          |
| RX_B1_LNA_BYPASS<6>                | IOB              | OUTPUT    | LVCMOS33             |       | 12       | SLOW |              |          |          |
| RX_B1_LNA_BYPASS<7>                | IOB              | OUTPUT    | LVCMOS33             |       | 12       | SLOW |              |          |          |
| RX_B2_DSA<0>                       | IOB              | OUTPUT    | LVCMOS33             |       | 12       | SLOW |              |          |          |
| RX_B2_DSA<1>                       | IOB              | OUTPUT    | LVCMOS33             |       | 12       | SLOW |              |          |          |
| RX_B2_DSA<2>                       | IOB              | OUTPUT    | LVCMOS33             |       | 12       | SLOW |              |          |          |
| RX_B2_DSA<3>                       | IOB              | OUTPUT    | LVCMOS33             |       | 12       | SLOW |              |          |          |
| RX_B2_DSA<4>                       | IOB              | OUTPUT    | LVCMOS33             |       | 12       | SLOW |              |          |          |
| RX_B2_DSA<5>                       | IOB              | OUTPUT    | LVCMOS33             |       | 12       | SLOW |              |          |          |
| RX_B2_LE<0>                        | IOB              | OUTPUT    | LVCMOS33             |       | 12       | SLOW |              |          |          |
| RX_B2_LE<1>                        | IOB              | OUTPUT    | LVCMOS33             |       | 12       | SLOW |              |          |          |
| RX_B2_LE<2>                        | IOB              | OUTPUT    | LVCMOS33             |       | 12       | SLOW |              |          |          |
| RX_B2_LE<3>                        | IOB              | OUTPUT    | LVCMOS33             |       | 12       | SLOW |              |          |          |
| RX_B2_LE<4>                        | IOB              | OUTPUT    | LVCMOS33             |       | 12       | SLOW |              |          |          |
| RX_B2_LE<5>                        | IOB              | OUTPUT    | LVCMOS33             |       | 12       | SLOW |              |          |          |
| RX_B2_LE<6>                        | IOB              | OUTPUT    | LVCMOS33             |       | 12       | SLOW |              |          |          |
| RX_B2_LE<7>                        | IOB              | OUTPUT    | LVCMOS33             |       | 12       | SLOW |              |          |          |
| RX_B2_LNA_BYPASS<0>                | IOB              | OUTPUT    | LVCMOS33             |       | 12       | SLOW |              |          |          |
| RX_B2_LNA_BYPASS<1>                | IOB              | OUTPUT    | LVCMOS33             |       | 12       | SLOW |              |          |          |
| RX_B2_LNA_BYPASS<2>                | IOB              | OUTPUT    | LVCMOS33             |       | 12       | SLOW |              |          |          |
| RX_B2_LNA_BYPASS<3>                | IOB              | OUTPUT    | LVCMOS33             |       | 12       | SLOW |              |          |          |
| RX_B2_LNA_BYPASS<4>                | IOB              | OUTPUT    | LVCMOS33             |       | 12       | SLOW |              |          |          |
| RX_B2_LNA_BYPASS<5>                | IOB              | OUTPUT    | LVCMOS33             |       | 12       | SLOW |              |          |          |
| RX_B2_LNA_BYPASS<6>                | IOB              | OUTPUT    | LVCMOS33             |       | 12       | SLOW |              |          |          |
| RX_B2_LNA_BYPASS<7>                | IOB              | OUTPUT    | LVCMOS33             |       | 12       | SLOW |              |          |          |
| RX_LED                             | IOB              | OUTPUT    | LVCMOS33             |       | 12       | SLOW |              |          |          |
| RX_ON                              | IOB              | INPUT     | LVCMOS33             |       |          |      |              |          |          |
| RX_ON_B1                           | IOB              | OUTPUT    | LVCMOS33             |       | 12       | SLOW |              |          |          |
| RX_ON_B2                           | IOB              | OUTPUT    | LVCMOS33             |       | 12       | SLOW |              |          |          |
| RX_ON_MCU                          | IOB              | INPUT     | LVCMOS33             |       |          |      |              |          |          |
| SPI_CLK                            | IOB              | INPUT     | LVCMOS33             |       |          |      |              |          |          |
| SPI_CLK_MCU                        | IOB              | INPUT     | LVCMOS33             |       |          |      |              |          |          |
| SPI_DATA                           | IOB              | INPUT     | LVCMOS33             |       |          |      |              |          |          |
| SPI_DATA_MCU                       | IOB              | INPUT     | LVCMOS33             |       |          |      |              |          |          |
| SPI_LE                             | IOB              | INPUT     | LVCMOS33             |       |          |      |              |          |          |
| SPI_LE_MCU                         | IOB              | INPUT     | LVCMOS33             |       |          |      |              |          |          |
| TXD_HOST                           | IOB              | INPUT     | LVCMOS33             |       |          |      |              |          |          |
| TXD_MCU                            | IOB              | INPUT     | LVCMOS33             |       |          |      |              |          |          |
| TX_B1_DSA<0>                       | IOB              | OUTPUT    | LVCMOS33             |       | 12       | SLOW |              |          |          |
| TX_B1_DSA<1>                       | IOB              | OUTPUT    | LVCMOS33             |       | 12       | SLOW |              |          |          |
| TX_B1_DSA<2>                       | IOB              | OUTPUT    | LVCMOS33             |       | 12       | SLOW |              |          |          |
| TX_B1_DSA<3>                       | IOB              | OUTPUT    | LVCMOS33             |       | 12       | SLOW |              |          |          |
| TX_B1_DSA<4>                       | IOB              | OUTPUT    | LVCMOS33             |       | 12       | SLOW |              |          |          |
| TX_B1_DSA<5>                       | IOB              | OUTPUT    | LVCMOS33             |       | 12       | SLOW |              |          |          |
| TX_B1_LE<0>                        | IOB              | OUTPUT    | LVCMOS33             |       | 12       | SLOW |              |          |          |
| TX_B1_LE<1>                        | IOB              | OUTPUT    | LVCMOS33             |       | 12       | SLOW |              |          |          |
| TX_B1_LE<2>                        | IOB              | OUTPUT    | LVCMOS33             |       | 12       | SLOW |              |          |          |
| TX_B1_LE<3>                        | IOB              | OUTPUT    | LVCMOS33             |       | 12       | SLOW |              |          |          |
| TX_B1_LE<4>                        | IOB              | OUTPUT    | LVCMOS33             |       | 12       | SLOW |              |          |          |
| TX_B1_LE<5>                        | IOB              | OUTPUT    | LVCMOS33             |       | 12       | SLOW |              |          |          |
| TX_B1_LE<6>                        | IOB              | OUTPUT    | LVCMOS33             |       | 12       | SLOW |              |          |          |
| TX_B1_LE<7>                        | IOB              | OUTPUT    | LVCMOS33             |       | 12       | SLOW |              |          |          |
| TX_B2_DSA<0>                       | IOB              | OUTPUT    | LVCMOS33             |       | 12       | SLOW |              |          |          |
| TX_B2_DSA<1>                       | IOB              | OUTPUT    | LVCMOS33             |       | 12       | SLOW |              |          |          |
| TX_B2_DSA<2>                       | IOB              | OUTPUT    | LVCMOS33             |       | 12       | SLOW |              |          |          |
| TX_B2_DSA<3>                       | IOB              | OUTPUT    | LVCMOS33             |       | 12       | SLOW |              |          |          |
| TX_B2_DSA<4>                       | IOB              | OUTPUT    | LVCMOS33             |       | 12       | SLOW |              |          |          |
| TX_B2_DSA<5>                       | IOB              | OUTPUT    | LVCMOS33             |       | 12       | SLOW |              |          |          |
| TX_B2_LE<0>                        | IOB              | OUTPUT    | LVCMOS33             |       | 12       | SLOW |              |          |          |
| TX_B2_LE<1>                        | IOB              | OUTPUT    | LVCMOS33             |       | 12       | SLOW |              |          |          |
| TX_B2_LE<2>                        | IOB              | OUTPUT    | LVCMOS33             |       | 12       | SLOW |              |          |          |
| TX_B2_LE<3>                        | IOB              | OUTPUT    | LVCMOS33             |       | 12       | SLOW |              |          |          |
| TX_B2_LE<4>                        | IOB              | OUTPUT    | LVCMOS33             |       | 12       | SLOW |              |          |          |
| TX_B2_LE<5>                        | IOB              | OUTPUT    | LVCMOS33             |       | 12       | SLOW |              |          |          |
| TX_B2_LE<6>                        | IOB              | OUTPUT    | LVCMOS33             |       | 12       | SLOW |              |          |          |
| TX_B2_LE<7>                        | IOB              | OUTPUT    | LVCMOS33             |       | 12       | SLOW |              |          |          |
| TX_LED                             | IOB              | OUTPUT    | LVCMOS33             |       | 12       | SLOW |              |          |          |
| TX_ON                              | IOB              | INPUT     | LVCMOS33             |       |          |      |              |          |          |
| TX_ON_B1                           | IOB              | OUTPUT    | LVCMOS33             |       | 12       | SLOW |              |          |          |
| TX_ON_B2                           | IOB              | OUTPUT    | LVCMOS33             |       | 12       | SLOW |              |          |          |
| TX_ON_MCU                          | IOB              | INPUT     | LVCMOS33             |       |          |      |              |          |          |
| UPDATE                             | IOB              | INPUT     | LVCMOS33             |       |          |      |              |          |          |
| UPDATE_MCU                         | IOB              | INPUT     | LVCMOS33             |       |          |      |              |          |          |
+---------------------------------------------------------------------------------------------------------------------------------------------------------+

Section 7 - RPMs
----------------

Section 8 - Guide Report
------------------------
Guide not run on this design.

Section 9 - Area Group and Partition Summary
--------------------------------------------

Partition Implementation Status
-------------------------------

  No Partitions were found in this design.

-------------------------------

Area Group Information
----------------------

  No area groups were found in this design.

----------------------

Section 10 - Timing Report
--------------------------
A logic-level (pre-route) timing report can be generated by using Xilinx static
timing analysis tools, Timing Analyzer (GUI) or TRCE (command line), with the
mapped NCD and PCF files. Please note that this timing report will be generated
using estimated delay information. For accurate numbers, please generate a
timing report with the post Place and Route NCD file.

For more information about the Timing Analyzer, consult the Xilinx Timing
Analyzer Reference Manual; for more information about TRCE, consult the Xilinx
Command Line Tools User Guide "TRACE" chapter.

Section 11 - Configuration String Details
-----------------------------------------
Use the "-detail" map option to print out Configuration Strings

Section 12 - Control Set Information
------------------------------------
Use the "-detail" map option to print out Control Set Information.

Section 13 - Utilization by Hierarchy
-------------------------------------
Use the "-detail" map option to print out the Utilization by Hierarchy section.
