ISim log file
Running: F:\ISE\UE_CTRL\top_tb_isim_beh.exe -intstyle ise -gui -tclbatch isim.cmd -wdb F:/ISE/UE_CTRL/top_tb_isim_beh.wdb 
ISim P.20131013 (signature 0x7708f090)
This is a Full version of ISim.
Time resolution is 1 ps
# onerror resume
# wave add /
# run 1000 ns
Simulator is doing circuit initialization process.
Finished circuit initialization process.
# run all
Stopped at time : 4351100 ns :  in File "F:/ISE/UE_CTRL/srcs/tb_Top.v" Line 175 
# run 100us
# run 100us
ISim P.20131013 (signature 0x7708f090)
This is a Full version of ISim.
# run 1000 ns
Simulator is doing circuit initialization process.
Finished circuit initialization process.
# run all
Stopped at time : 4351100 ns :  in File "F:/ISE/UE_CTRL/srcs/tb_Top.v" Line 175 
# run 100us
# run 100us
