iMPACT Version: 14.7

iMPACT log file Started on Sat Jun 15 16:31:57 2024

Welcome to iMPACT
iMPACT Version: 14.7
Project:'C:\Users\aspha\Desktop\ise_workspace\lo_firmware\prj\lo_frimware\\auto_project.ipf' already exists.
Original project has been renamed to'C:\Users\aspha\Desktop\ise_workspace\lo_firmware\prj\lo_frimware\\auto_project_1.ipf'.
Project:C:\Users\aspha\Desktop\ise_workspace\lo_firmware\prj\lo_frimware\\auto_project.ipf created.
// *** BATCH CMD : setMode -bs
GUI --- Auto connect to cable...
// *** BATCH CMD : setCable -port auto
INFO:iMPACT - Digilent Plugin: Plugin Version: 2.4.4
INFO:iMPACT - Digilent Plugin: found 1 device(s).
INFO:iMPACT - Digilent Plugin: opening device: "JtagHs1", SN:210512180081
INFO:iMPACT - Digilent Plugin: User Name: JtagHs1
INFO:iMPACT - Digilent Plugin: Product Name: Digilent JTAG-HS1
INFO:iMPACT - Digilent Plugin: Serial Number: 210512180081
INFO:iMPACT - Digilent Plugin: Product ID: 30900152
INFO:iMPACT - Digilent Plugin: Firmware Version: 010B
INFO:iMPACT - Digilent Plugin: JTAG Port Number: 0
INFO:iMPACT - Digilent Plugin: JTAG Clock Frequency: 10000000 Hz
Attempting to identify devices in the boundary-scan chain configuration...
INFO:iMPACT - Current time: 2024/6/15 16:32:00
// *** BATCH CMD : Identify -inferir 
PROGRESS_START - Starting Operation.
Identifying chain contents...done.
ERROR:iMPACT - A problem may exist in the hardware configuration. Check that the   cable, scan chain, and power connections are intact, that the specified scan   chain configuration matches the actual hardware, and that the power supply is   adequate and delivering the correct voltage.
PROGRESS_END - End Operation.
Elapsed time =      0 sec.
// *** BATCH CMD : identifyMPM 
// *** BATCH CMD : setMode -bs
// *** BATCH CMD : setMode -ss
// *** BATCH CMD : setMode -sm
// *** BATCH CMD : setMode -hw140
// *** BATCH CMD : setMode -spi
// *** BATCH CMD : setMode -acecf
// *** BATCH CMD : setMode -acempm
// *** BATCH CMD : setMode -pff
Welcome to iMPACT
iMPACT Version: 14.7
Project:'C:\Users\aspha\Desktop\ise_workspace\lo_firmware\prj\lo_frimware\\auto_project.ipf' already exists.
Original project has been renamed to'C:\Users\aspha\Desktop\ise_workspace\lo_firmware\prj\lo_frimware\\auto_project_1.ipf'.
Project:C:\Users\aspha\Desktop\ise_workspace\lo_firmware\prj\lo_frimware\\auto_project.ipf created.
// *** BATCH CMD : setMode -bs
GUI --- Auto connect to cable...
// *** BATCH CMD : setCable -port auto
INFO:iMPACT - Digilent Plugin: Plugin Version: 2.4.4
INFO:iMPACT - Digilent Plugin: found 1 device(s).
INFO:iMPACT - Digilent Plugin: opening device: "JtagHs1", SN:210512180081
INFO:iMPACT - Digilent Plugin: User Name: JtagHs1
INFO:iMPACT - Digilent Plugin: Product Name: Digilent JTAG-HS1
INFO:iMPACT - Digilent Plugin: Serial Number: 210512180081
INFO:iMPACT - Digilent Plugin: Product ID: 30900152
INFO:iMPACT - Digilent Plugin: Firmware Version: 010B
INFO:iMPACT - Digilent Plugin: JTAG Port Number: 0
INFO:iMPACT - Digilent Plugin: JTAG Clock Frequency: 10000000 Hz
Attempting to identify devices in the boundary-scan chain configuration...
INFO:iMPACT - Current time: 2024/6/15 16:32:16
// *** BATCH CMD : Identify -inferir 
PROGRESS_START - Starting Operation.
Identifying chain contents...'0': : Manufacturer's ID = Xilinx xc3s200an, Version : 0
INFO:iMPACT:1777 - 
   Reading C:/Xilinx/14.7/ISE_DS/ISE/spartan3a/data/xc3s200an.bsd...
INFO:iMPACT:501 - '1': Added Device xc3s200an successfully.
----------------------------------------------------------------------
done.
PROGRESS_END - End Operation.
Elapsed time =      1 sec.
// *** BATCH CMD : identifyMPM 
// *** BATCH CMD : assignFile -p 1 -file"C:/Users/aspha/Desktop/ise_workspace/lo_firmware/prj/lo_frimware/top.bit"
'1': Loading file'C:/Users/aspha/Desktop/ise_workspace/lo_firmware/prj/lo_frimware/top.bit' ...
done.
Found sync word in bitstream.
UserID read from the bitstream file = 0xFFFFFFFF.
INFO:iMPACT:501 - '1': Added Device xc3s200an successfully.
----------------------------------------------------------------------
INFO:iMPACT - Current time: 2024/6/15 16:32:26
// *** BATCH CMD : Program -p 1 -e -v 
Maximum TCK operating frequency for this device chain: 10000000.
Validating chain...
Boundary-scan chain validated successfully.
'1': SPI access core not detected. SPI access core will be downloaded to thedevice to enable operations.
INFO:iMPACT - Downloading core file   C:/Xilinx/14.7/ISE_DS/ISE/spartan3a/data/xc3s200an_spi.cor.
PROGRESS_START - Starting Operation.
'1': Downloading core...
 LCK_cycle = NoWait.
LCK cycle: NoWait
done.
'1': Reading status register contents...
INFO:iMPACT:2219 - Status register values:
INFO:iMPACT - 0011 1111 1110 1100 
INFO:iMPACT:2492 - '1': Completed downloading core to device.
INFO:iMPACT - Address 0x00000000 is in sector 0.
INFO:iMPACT - Start block = 0 for address 0x00000000.
INFO:iMPACT - Address 0x0002480B is not located at the start of a sector   boundary. The whole sector will be erased.
INFO:iMPACT - Address 0x0002480B is in sector 3.
INFO:iMPACT - End block = 95 for address 0x0002480B.
INFO:iMPACT - Address 0x00000000 is in sector 0.
INFO:iMPACT - Address 0x0002480B is not located at the start of a sector   boundary. The whole sector will be erased.
INFO:iMPACT - Address 0x0002480B is in sector 3.
INFO:iMPACT - Address 0x00000000 is in sector 0.
INFO:iMPACT - Address 0x0002480B is not located at the start of a sector   boundary. The whole sector will be erased.
INFO:iMPACT - Address 0x0002480B is in sector 3.
INFO:iMPACT - Address 0x00000000 is in sector 0.
INFO:iMPACT - Address 0x0002480B is not located at the start of a sector   boundary. The whole sector will be erased.
INFO:iMPACT - Address 0x0002480B is in sector 3.
INFO:iMPACT - Address 0x00000000 is in sector 0.
INFO:iMPACT - Address 0x0002480B is not located at the start of a sector   boundary. The whole sector will be erased.
INFO:iMPACT - Address 0x0002480B is in sector 3.
'1': Erasing device...
done.
'1': Erasure completed successfully.
INFO:iMPACT - Address 0x00000000 is in sector 0.
INFO:iMPACT - Address 0x0002480B is not located at the start of a sector   boundary. The whole sector will be erased.
INFO:iMPACT - Address 0x0002480B is in sector 3.
INFO:iMPACT - Address 0x00000000 is in sector 0.
INFO:iMPACT - Address 0x0002480B is not located at the start of a sector   boundary. The whole sector will be erased.
INFO:iMPACT - Address 0x0002480B is in sector 3.
INFO:iMPACT - Address 0x00000000 is in sector 0.
INFO:iMPACT - Address 0x0002480B is not located at the start of a sector   boundary. The whole sector will be erased.
INFO:iMPACT - Address 0x0002480B is in sector 3.
INFO:iMPACT - Address 0x00000000 is in sector 0.
INFO:iMPACT - Address 0x0002480B is not located at the start of a sector   boundary. The whole sector will be erased.
INFO:iMPACT - Address 0x0002480B is in sector 3.
INFO:iMPACT - Address 0x00000000 is in page 0.
INFO:iMPACT - Address 0x0002480B is in page 566.
'1': Programming Flash...done.
'1': Programming completed successfully.
INFO:iMPACT - Address 0x00000000 is in page 0.
INFO:iMPACT - Address 0x0002480B is in page 566.
'1': Verifying device...done.
'1': Verification completed successfully.
'1': Programmed successfully.
 LCK_cycle = NoWait.
LCK cycle: NoWait
INFO:iMPACT - '1': Checking done pin....done.
'1': Programmed successfully.
PROGRESS_END - End Operation.
Elapsed time =      7 sec.
INFO:iMPACT - Current time: 2024/6/15 17:12:07
// *** BATCH CMD : Program -p 1 -e -v 
Maximum TCK operating frequency for this device chain: 10000000.
Validating chain...
Boundary-scan chain validated successfully.
'1': SPI access core not detected. SPI access core will be downloaded to thedevice to enable operations.
INFO:iMPACT - Downloading core file   C:/Xilinx/14.7/ISE_DS/ISE/spartan3a/data/xc3s200an_spi.cor.
'1': Downloading core...
PROGRESS_START - Starting Operation.
 LCK_cycle = NoWait.
LCK cycle: NoWait
done.
'1': Reading status register contents...
INFO:iMPACT:2219 - Status register values:
INFO:iMPACT - 0011 1111 1110 1100 
INFO:iMPACT:2492 - '1': Completed downloading core to device.
INFO:iMPACT - Address 0x00000000 is in sector 0.
INFO:iMPACT - Start block = 0 for address 0x00000000.
INFO:iMPACT - Address 0x0002480B is not located at the start of a sector   boundary. The whole sector will be erased.
INFO:iMPACT - Address 0x0002480B is in sector 3.
INFO:iMPACT - End block = 95 for address 0x0002480B.
INFO:iMPACT - Address 0x00000000 is in sector 0.
INFO:iMPACT - Address 0x0002480B is not located at the start of a sector   boundary. The whole sector will be erased.
INFO:iMPACT - Address 0x0002480B is in sector 3.
INFO:iMPACT - Address 0x00000000 is in sector 0.
INFO:iMPACT - Address 0x0002480B is not located at the start of a sector   boundary. The whole sector will be erased.
INFO:iMPACT - Address 0x0002480B is in sector 3.
INFO:iMPACT - Address 0x00000000 is in sector 0.
INFO:iMPACT - Address 0x0002480B is not located at the start of a sector   boundary. The whole sector will be erased.
INFO:iMPACT - Address 0x0002480B is in sector 3.
INFO:iMPACT - Address 0x00000000 is in sector 0.
INFO:iMPACT - Address 0x0002480B is not located at the start of a sector   boundary. The whole sector will be erased.
INFO:iMPACT - Address 0x0002480B is in sector 3.
'1': Erasing device...
done.
'1': Erasure completed successfully.
INFO:iMPACT - Address 0x00000000 is in sector 0.
INFO:iMPACT - Address 0x0002480B is not located at the start of a sector   boundary. The whole sector will be erased.
INFO:iMPACT - Address 0x0002480B is in sector 3.
INFO:iMPACT - Address 0x00000000 is in sector 0.
INFO:iMPACT - Address 0x0002480B is not located at the start of a sector   boundary. The whole sector will be erased.
INFO:iMPACT - Address 0x0002480B is in sector 3.
INFO:iMPACT - Address 0x00000000 is in sector 0.
INFO:iMPACT - Address 0x0002480B is not located at the start of a sector   boundary. The whole sector will be erased.
INFO:iMPACT - Address 0x0002480B is in sector 3.
INFO:iMPACT - Address 0x00000000 is in sector 0.
INFO:iMPACT - Address 0x0002480B is not located at the start of a sector   boundary. The whole sector will be erased.
INFO:iMPACT - Address 0x0002480B is in sector 3.
INFO:iMPACT - Address 0x00000000 is in page 0.
INFO:iMPACT - Address 0x0002480B is in page 566.
'1': Programming Flash...done.
'1': Programming completed successfully.
INFO:iMPACT - Address 0x00000000 is in page 0.
INFO:iMPACT - Address 0x0002480B is in page 566.
'1': Verifying device...done.
'1': Verification completed successfully.
'1': Programmed successfully.
 LCK_cycle = NoWait.
LCK cycle: NoWait
INFO:iMPACT - '1': Checking done pin....done.
'1': Programmed successfully.
PROGRESS_END - End Operation.
Elapsed time =      7 sec.
