Release 14.7 - ngc2edif P.20131013 (nt64)
Copyright (c) 1995-2013 Xilinx, Inc.  All rights reserved.
Reading design top.ngc ...
WARNING:NetListWriters:298 - No output is written to top.xncf, ignored.
Processing design ...
   Preping design's networks ...
   Preping design's macros ...
WARNING:NetListWriters:306 - Signal bus
   adf4002_spi/Msub__COND_10_Madd_Madd_lut<5 : 0> on block top is not
   reconstructed, because there are some missing bus signals.
WARNING:NetListWriters:306 - Signal bus
   lmx2594_spi/Msub__COND_10_Madd_Madd_lut<5 : 0> on block top is not
   reconstructed, because there are some missing bus signals.
WARNING:NetListWriters:306 - Signal bus
   process/Madd_init_reg_addr_share0000_cy<5 : 1> on block top is not
   reconstructed, because there are some missing bus signals.
WARNING:NetListWriters:306 - Signal bus rst/Mcompar_rst_n_cmp_le0000_lut<8 : 0>
   on block top is not reconstructed, because there are some missing bus
   signals.
  finished :Prep
Writing EDIF netlist file top.edif ...
ngc2edif: Total memory usage is 4318872 kilobytes

