Release 14.7 Map P.20131013 (nt64)
Xilinx Mapping Report File for Design 'top'

Design Information
------------------
Command Line   : map -intstyle ise -p xc3s200an-ftg256-4 -cm area -ir off -pr
off -c 100 -o top_map.ncd top.ngd top.pcf 
Target Device  : xc3s200an
Target Package : ftg256
Target Speed   : -4
Mapper Version : spartan3a -- $Revision: 1.55 $
Mapped Date    : Tue Aug 20 14:16:17 2024

Design Summary
--------------
Number of errors:      0
Number of warnings:   24
Logic Utilization:
  Number of Slice Flip Flops:           409 out of   3,584   11%
  Number of 4 input LUTs:               749 out of   3,584   20%
Logic Distribution:
  Number of occupied Slices:            527 out of   1,792   29%
    Number of Slices containing only related logic:     527 out of     527 100%
    Number of Slices containing unrelated logic:          0 out of     527   0%
      *See NOTES below for an explanation of the effects of unrelated logic.
  Total Number of 4 input LUTs:         875 out of   3,584   24%
    Number used as logic:               748
    Number used as a route-thru:        126
    Number used as Shift registers:       1

  The Slice Logic Distribution report is not meaningful if the design is
  over-mapped for a non-slice resource or if Placement fails.

  Number of bonded IOBs:                 60 out of     195   30%
    IOB Master Pads:                     11
    IOB Slave Pads:                      11
  Number of BUFGMUXs:                     1 out of      24    4%
  Number of RAMB16BWEs:                   1 out of      16    6%

Average Fanout of Non-Clock Nets:                3.43

Peak Memory Usage:  4436 MB
Total REAL time to MAP completion:  2 secs 
Total CPU time to MAP completion:   2 secs 

NOTES:

   Related logic is defined as being logic that shares connectivity - e.g. two
   LUTs are "related" if they share common inputs.  When assembling slices,
   Map gives priority to combine logic that is related.  Doing so results in
   the best timing performance.

   Unrelated logic shares no connectivity.  Map will only begin packing
   unrelated logic into a slice once 99% of the slices are occupied through
   related logic packing.

   Note that once logic distribution reaches the 99% level through related
   logic packing, this does not mean the device is completely utilized.
   Unrelated logic packing will then begin, continuing until all usable LUTs
   and FFs are occupied.  Depending on your timing budget, increased levels of
   unrelated logic packing may adversely affect the overall timing performance
   of your design.

Table of Contents
-----------------
Section 1 - Errors
Section 2 - Warnings
Section 3 - Informational
Section 4 - Removed Logic Summary
Section 5 - Removed Logic
Section 6 - IOB Properties
Section 7 - RPMs
Section 8 - Guide Report
Section 9 - Area Group and Partition Summary
Section 10 - Timing Report
Section 11 - Configuration String Information
Section 12 - Control Set Information
Section 13 - Utilization by Hierarchy

Section 1 - Errors
------------------

Section 2 - Warnings
--------------------
WARNING:PhysDesignRules:812 - Dangling pin <DIA0> on
   block:<process/Mrom__varindex0001>:<RAMB16BWE_RAMB16BWE>.
WARNING:PhysDesignRules:812 - Dangling pin <DIA1> on
   block:<process/Mrom__varindex0001>:<RAMB16BWE_RAMB16BWE>.
WARNING:PhysDesignRules:812 - Dangling pin <DIA2> on
   block:<process/Mrom__varindex0001>:<RAMB16BWE_RAMB16BWE>.
WARNING:PhysDesignRules:812 - Dangling pin <DIA3> on
   block:<process/Mrom__varindex0001>:<RAMB16BWE_RAMB16BWE>.
WARNING:PhysDesignRules:812 - Dangling pin <DIA4> on
   block:<process/Mrom__varindex0001>:<RAMB16BWE_RAMB16BWE>.
WARNING:PhysDesignRules:812 - Dangling pin <DIA5> on
   block:<process/Mrom__varindex0001>:<RAMB16BWE_RAMB16BWE>.
WARNING:PhysDesignRules:812 - Dangling pin <DIA6> on
   block:<process/Mrom__varindex0001>:<RAMB16BWE_RAMB16BWE>.
WARNING:PhysDesignRules:812 - Dangling pin <DIA7> on
   block:<process/Mrom__varindex0001>:<RAMB16BWE_RAMB16BWE>.
WARNING:PhysDesignRules:812 - Dangling pin <DIA8> on
   block:<process/Mrom__varindex0001>:<RAMB16BWE_RAMB16BWE>.
WARNING:PhysDesignRules:812 - Dangling pin <DIA9> on
   block:<process/Mrom__varindex0001>:<RAMB16BWE_RAMB16BWE>.
WARNING:PhysDesignRules:812 - Dangling pin <DIA10> on
   block:<process/Mrom__varindex0001>:<RAMB16BWE_RAMB16BWE>.
WARNING:PhysDesignRules:812 - Dangling pin <DIA11> on
   block:<process/Mrom__varindex0001>:<RAMB16BWE_RAMB16BWE>.
WARNING:PhysDesignRules:812 - Dangling pin <DIA12> on
   block:<process/Mrom__varindex0001>:<RAMB16BWE_RAMB16BWE>.
WARNING:PhysDesignRules:812 - Dangling pin <DIA13> on
   block:<process/Mrom__varindex0001>:<RAMB16BWE_RAMB16BWE>.
WARNING:PhysDesignRules:812 - Dangling pin <DIA14> on
   block:<process/Mrom__varindex0001>:<RAMB16BWE_RAMB16BWE>.
WARNING:PhysDesignRules:812 - Dangling pin <DIA15> on
   block:<process/Mrom__varindex0001>:<RAMB16BWE_RAMB16BWE>.
WARNING:PhysDesignRules:812 - Dangling pin <DIA16> on
   block:<process/Mrom__varindex0001>:<RAMB16BWE_RAMB16BWE>.
WARNING:PhysDesignRules:812 - Dangling pin <DIA17> on
   block:<process/Mrom__varindex0001>:<RAMB16BWE_RAMB16BWE>.
WARNING:PhysDesignRules:812 - Dangling pin <DIA18> on
   block:<process/Mrom__varindex0001>:<RAMB16BWE_RAMB16BWE>.
WARNING:PhysDesignRules:812 - Dangling pin <DIA19> on
   block:<process/Mrom__varindex0001>:<RAMB16BWE_RAMB16BWE>.
WARNING:PhysDesignRules:812 - Dangling pin <DIA20> on
   block:<process/Mrom__varindex0001>:<RAMB16BWE_RAMB16BWE>.
WARNING:PhysDesignRules:812 - Dangling pin <DIA21> on
   block:<process/Mrom__varindex0001>:<RAMB16BWE_RAMB16BWE>.
WARNING:PhysDesignRules:812 - Dangling pin <DIA22> on
   block:<process/Mrom__varindex0001>:<RAMB16BWE_RAMB16BWE>.
WARNING:PhysDesignRules:812 - Dangling pin <DIA23> on
   block:<process/Mrom__varindex0001>:<RAMB16BWE_RAMB16BWE>.

Section 3 - Informational
-------------------------
INFO:MapLib:562 - No environment variables are currently set.
INFO:LIT:244 - All of the single ended outputs in this design are using slew
   rate limited output drivers. The delay on speed critical single ended outputs
   can be dramatically reduced by designating them as fast outputs.

Section 4 - Removed Logic Summary
---------------------------------
   3 block(s) optimized away

Section 5 - Removed Logic
-------------------------

Optimized Block(s):
TYPE 		BLOCK
GND 		XST_GND
VCC 		XST_VCC

To enable printing of redundant blocks removed and signals merged, set the
detailed map report option and rerun map.

Section 6 - IOB Properties
--------------------------

+-------------------------------------------------------------------------------------------------------------------------------------------------------------------------------+
| IOB Name                           | Type             | Direction | IO Standard          | Diff  | Drive    | Slew    | Reg (s)      | Resistor | IBUF/IFD | SUSPEND          |
|                                    |                  |           |                      | Term  | Strength | Rate    |              |          | Delay    |                  |
+-------------------------------------------------------------------------------------------------------------------------------------------------------------------------------+
| FPGA_RX                            | IBUF             | INPUT     | LVCMOS33             |       |          |         |              |          | 0 / 0    |                  |
| FPGA_TX                            | IOB              | OUTPUT    | LVCMOS33             |       | 12       | SLOW    |              |          | 0 / 0    | 3STATE           |
| amp_en                             | IOB              | OUTPUT    | LVCMOS33             |       | 12       | SLOW    |              |          | 0 / 0    | 3STATE           |
| ce_2594                            | IOB              | OUTPUT    | LVCMOS33             |       | 12       | SLOW    |              |          | 0 / 0    | 3STATE           |
| ce_4002                            | IOB              | OUTPUT    | LVCMOS33             |       | 12       | SLOW    |              |          | 0 / 0    | 3STATE           |
| clk                                | IBUF             | INPUT     | LVCMOS33             |       |          |         |              |          | 0 / 0    |                  |
| debug_mode                         | IBUF             | INPUT     | LVCMOS33             |       |          |         |              |          | 0 / 0    |                  |
| fpga_rad                           | IBUF             | INPUT     | LVCMOS33             |       |          |         |              |          | 0 / 0    |                  |
| fpga_rx                            | IBUF             | INPUT     | LVCMOS33             |       |          |         |              |          | 0 / 0    |                  |
| fpga_spi_clk_n                     | DIFFSI_NDT       | INPUT     | LVDS_33              |       |          |         |              |          | 0 / 0    |                  |
| fpga_spi_clk_p                     | DIFFMI_NDT       | INPUT     | LVDS_33              |       |          |         |              |          | 0 / 0    |                  |
| fpga_spi_cs_n                      | DIFFSI_NDT       | INPUT     | LVDS_33              |       |          |         |              |          | 0 / 0    |                  |
| fpga_spi_cs_p                      | DIFFMI_NDT       | INPUT     | LVDS_33              |       |          |         |              |          | 0 / 0    |                  |
| fpga_spi_mosi_n                    | DIFFSI_NDT       | INPUT     | LVDS_33              |       |          |         |              |          | 0 / 0    |                  |
| fpga_spi_mosi_p                    | DIFFMI_NDT       | INPUT     | LVDS_33              |       |          |         |              |          | 0 / 0    |                  |
| fpga_tx                            | IBUF             | INPUT     | LVCMOS33             |       |          |         |              |          | 0 / 0    |                  |
| led<0>                             | IOB              | OUTPUT    | LVCMOS33             |       | 12       | SLOW    |              |          | 0 / 0    | 3STATE           |
| led<1>                             | IOB              | OUTPUT    | LVCMOS33             |       | 12       | SLOW    |              |          | 0 / 0    | 3STATE           |
| mout_2594                          | IBUF             | INPUT     | LVCMOS33             |       |          |         |              |          | 0 / 0    |                  |
| mout_4002                          | IBUF             | INPUT     | LVCMOS33             |       |          |         |              |          | 0 / 0    |                  |
| spi_clk_2594                       | IOB              | OUTPUT    | LVCMOS33             |       | 12       | SLOW    |              |          | 0 / 0    | 3STATE           |
| spi_clk_4002                       | IOB              | OUTPUT    | LVCMOS33             |       | 12       | SLOW    |              |          | 0 / 0    | 3STATE           |
| spi_le_2594                        | IOB              | OUTPUT    | LVCMOS33             |       | 12       | SLOW    |              |          | 0 / 0    | 3STATE           |
| spi_le_4002                        | IOB              | OUTPUT    | LVCMOS33             |       | 12       | SLOW    |              |          | 0 / 0    | 3STATE           |
| spi_sdo_2594                       | IOB              | OUTPUT    | LVCMOS33             |       | 12       | SLOW    |              |          | 0 / 0    | 3STATE           |
| spi_sdo_4002                       | IOB              | OUTPUT    | LVCMOS33             |       | 12       | SLOW    |              |          | 0 / 0    | 3STATE           |
| trx1_en_n                          | IOB              | OUTPUT    | LVCMOS33             |       | 12       | SLOW    |              |          | 0 / 0    | 3STATE           |
| trx1_rad                           | IOB              | OUTPUT    | LVCMOS33             |       | 12       | SLOW    |              |          | 0 / 0    | 3STATE           |
| trx1_rx                            | IOB              | OUTPUT    | LVCMOS33             |       | 12       | SLOW    |              |          | 0 / 0    | 3STATE           |
| trx1_spi_clk_n                     | DIFFSTB          | OUTPUT    | LVDS_33              |       |          |         |              |          | 0 / 0    | 3STATE           |
| trx1_spi_clk_p                     | DIFFMTB          | OUTPUT    | LVDS_33              |       |          |         |              |          | 0 / 0    | 3STATE           |
| trx1_spi_cs                        | IOB              | OUTPUT    | LVCMOS33             |       | 12       | SLOW    |              |          | 0 / 0    | 3STATE           |
| trx1_spi_mosi_n                    | DIFFSTB          | OUTPUT    | LVDS_33              |       |          |         |              |          | 0 / 0    | 3STATE           |
| trx1_spi_mosi_p                    | DIFFMTB          | OUTPUT    | LVDS_33              |       |          |         |              |          | 0 / 0    | 3STATE           |
| trx1_tx                            | IOB              | OUTPUT    | LVCMOS33             |       | 12       | SLOW    |              |          | 0 / 0    | 3STATE           |
| trx2_en_n                          | IOB              | OUTPUT    | LVCMOS33             |       | 12       | SLOW    |              |          | 0 / 0    | 3STATE           |
| trx2_rad                           | IOB              | OUTPUT    | LVCMOS33             |       | 12       | SLOW    |              |          | 0 / 0    | 3STATE           |
| trx2_rx                            | IOB              | OUTPUT    | LVCMOS33             |       | 12       | SLOW    |              |          | 0 / 0    | 3STATE           |
| trx2_spi_clk_n                     | DIFFSTB          | OUTPUT    | LVDS_33              |       |          |         |              |          | 0 / 0    | 3STATE           |
| trx2_spi_clk_p                     | DIFFMTB          | OUTPUT    | LVDS_33              |       |          |         |              |          | 0 / 0    | 3STATE           |
| trx2_spi_cs                        | IOB              | OUTPUT    | LVCMOS33             |       | 12       | SLOW    |              |          | 0 / 0    | 3STATE           |
| trx2_spi_mosi_n                    | DIFFSTB          | OUTPUT    | LVDS_33              |       |          |         |              |          | 0 / 0    | 3STATE           |
| trx2_spi_mosi_p                    | DIFFMTB          | OUTPUT    | LVDS_33              |       |          |         |              |          | 0 / 0    | 3STATE           |
| trx2_tx                            | IOB              | OUTPUT    | LVCMOS33             |       | 12       | SLOW    |              |          | 0 / 0    | 3STATE           |
| trx3_en_n                          | IOB              | OUTPUT    | LVCMOS33             |       | 12       | SLOW    |              |          | 0 / 0    | 3STATE           |
| trx3_rx                            | IOB              | OUTPUT    | LVCMOS33             |       | 12       | SLOW    |              |          | 0 / 0    | 3STATE           |
| trx3_spi_clk_n                     | DIFFSTB          | OUTPUT    | LVDS_33              |       |          |         |              |          | 0 / 0    | 3STATE           |
| trx3_spi_clk_p                     | DIFFMTB          | OUTPUT    | LVDS_33              |       |          |         |              |          | 0 / 0    | 3STATE           |
| trx3_spi_cs                        | IOB              | OUTPUT    | LVCMOS33             |       | 12       | SLOW    |              |          | 0 / 0    | 3STATE           |
| trx3_spi_mosi_n                    | DIFFSTB          | OUTPUT    | LVDS_33              |       |          |         |              |          | 0 / 0    | 3STATE           |
| trx3_spi_mosi_p                    | DIFFMTB          | OUTPUT    | LVDS_33              |       |          |         |              |          | 0 / 0    | 3STATE           |
| trx3_tx                            | IOB              | OUTPUT    | LVCMOS33             |       | 12       | SLOW    |              |          | 0 / 0    | 3STATE           |
| trx4_en_n                          | IOB              | OUTPUT    | LVCMOS33             |       | 12       | SLOW    |              |          | 0 / 0    | 3STATE           |
| trx4_rx                            | IOB              | OUTPUT    | LVCMOS33             |       | 12       | SLOW    |              |          | 0 / 0    | 3STATE           |
| trx4_spi_clk_n                     | DIFFSTB          | OUTPUT    | LVDS_33              |       |          |         |              |          | 0 / 0    | 3STATE           |
| trx4_spi_clk_p                     | DIFFMTB          | OUTPUT    | LVDS_33              |       |          |         |              |          | 0 / 0    | 3STATE           |
| trx4_spi_cs                        | IOB              | OUTPUT    | LVCMOS33             |       | 12       | SLOW    |              |          | 0 / 0    | 3STATE           |
| trx4_spi_mosi_n                    | DIFFSTB          | OUTPUT    | LVDS_33              |       |          |         |              |          | 0 / 0    | 3STATE           |
| trx4_spi_mosi_p                    | DIFFMTB          | OUTPUT    | LVDS_33              |       |          |         |              |          | 0 / 0    | 3STATE           |
| trx4_tx                            | IOB              | OUTPUT    | LVCMOS33             |       | 12       | SLOW    |              |          | 0 / 0    | 3STATE           |
+-------------------------------------------------------------------------------------------------------------------------------------------------------------------------------+

Section 7 - RPMs
----------------

Section 8 - Guide Report
------------------------
Guide not run on this design.

Section 9 - Area Group and Partition Summary
--------------------------------------------

Partition Implementation Status
-------------------------------

  No Partitions were found in this design.

-------------------------------

Area Group Information
----------------------

  No area groups were found in this design.

----------------------

Section 10 - Timing Report
--------------------------
This design was not run using timing mode.

Section 11 - Configuration String Details
-----------------------------------------
Use the "-detail" map option to print out Configuration Strings

Section 12 - Control Set Information
------------------------------------
No control set information for this architecture.

Section 13 - Utilization by Hierarchy
-------------------------------------
Use the "-detail" map option to print out the Utilization by Hierarchy section.
